Determining if the C compiler works failed with the following output:
Change Dir: D:/Etudes/Myefrei/Première année ingénieur/SDD/Piles/cmake-build-debug/CMakeFiles/CMakeTmp

Run Build Command(s):C:/PROGRA~1/MINGW-~1/X86_64~1.0-P/mingw64/bin/mingw32-make.exe cmTC_2f635/fast && C:/PROGRA~1/MINGW-~1/X86_64~1.0-P/mingw64/bin/mingw32-make.exe  -f CMakeFiles\cmTC_2f635.dir\build.make CMakeFiles/cmTC_2f635.dir/build
mingw32-make.exe[1]: Entering directory 'D:/Etudes/Myefrei/PremiΦre annΘe ingΘnieur/SDD/Piles/cmake-build-debug/CMakeFiles/CMakeTmp'
Building C object CMakeFiles/cmTC_2f635.dir/testCCompiler.c.obj
C:\PROGRA~1\MINGW-~1\X86_64~1.0-P\mingw64\bin\gcc.exe    -o CMakeFiles\cmTC_2f635.dir\testCCompiler.c.obj   -c "D:\Etudes\Myefrei\Premi├¿re ann├⌐e ing├⌐nieur\SDD\Piles\cmake-build-debug\CMakeFiles\CMakeTmp\testCCompiler.c"
gcc.exe: error: D:\Etudes\Myefrei\Premi├¿re ann├⌐e ing├⌐nieur\SDD\Piles\cmake-build-debug\CMakeFiles\CMakeTmp\testCCompiler.c: No such file or directory
gcc.exe: fatal error: no input files
compilation terminated.
mingw32-make.exe[1]: *** [CMakeFiles\cmTC_2f635.dir\build.make:85: CMakeFiles/cmTC_2f635.dir/testCCompiler.c.obj] Error 1
mingw32-make.exe[1]: Leaving directory 'D:/Etudes/Myefrei/PremiΦre annΘe ingΘnieur/SDD/Piles/cmake-build-debug/CMakeFiles/CMakeTmp'
mingw32-make.exe: *** [Makefile:140: cmTC_2f635/fast] Error 2



Determining if the C compiler works failed with the following output:
Change Dir: D:/Etudes/Myefrei/Première année ingénieur/SDD/Piles/cmake-build-debug/CMakeFiles/CMakeTmp

Run Build Command(s):C:/PROGRA~1/MINGW-~1/X86_64~1.0-P/mingw64/bin/mingw32-make.exe cmTC_57a76/fast && C:/PROGRA~1/MINGW-~1/X86_64~1.0-P/mingw64/bin/mingw32-make.exe  -f CMakeFiles\cmTC_57a76.dir\build.make CMakeFiles/cmTC_57a76.dir/build
mingw32-make.exe[1]: Entering directory 'D:/Etudes/Myefrei/PremiΦre annΘe ingΘnieur/SDD/Piles/cmake-build-debug/CMakeFiles/CMakeTmp'
Building C object CMakeFiles/cmTC_57a76.dir/testCCompiler.c.obj
C:\PROGRA~1\MINGW-~1\X86_64~1.0-P\mingw64\bin\gcc.exe    -o CMakeFiles\cmTC_57a76.dir\testCCompiler.c.obj   -c "D:\Etudes\Myefrei\Premi├¿re ann├⌐e ing├⌐nieur\SDD\Piles\cmake-build-debug\CMakeFiles\CMakeTmp\testCCompiler.c"
gcc.exe: error: D:\Etudes\Myefrei\Premi├¿re ann├⌐e ing├⌐nieur\SDD\Piles\cmake-build-debug\CMakeFiles\CMakeTmp\testCCompiler.c: No such file or directory
gcc.exe: fatal error: no input files
compilation terminated.
mingw32-make.exe[1]: *** [CMakeFiles\cmTC_57a76.dir\build.make:85: CMakeFiles/cmTC_57a76.dir/testCCompiler.c.obj] Error 1
mingw32-make.exe[1]: Leaving directory 'D:/Etudes/Myefrei/PremiΦre annΘe ingΘnieur/SDD/Piles/cmake-build-debug/CMakeFiles/CMakeTmp'
mingw32-make.exe: *** [Makefile:140: cmTC_57a76/fast] Error 2



